{"level":"info","message":"Info message","timestamp":"2:40:01 PM"}
{"level":"warn","message":"Warning message","timestamp":"2:40:01 PM"}
{"level":"debug","message":"Debugging info","timestamp":"2:40:01 PM"}
{"level":"info","message":"Listening on port 1234","timestamp":"2:40:01 PM"}
{"level":"info","message":"Info message","timestamp":"5:19:50 PM"}
{"level":"warn","message":"Warning message","timestamp":"5:19:50 PM"}
{"level":"debug","message":"Debugging info","timestamp":"5:19:50 PM"}
{"level":"info","message":"Listening on port 1234","timestamp":"5:19:51 PM"}
{"level":"info","message":"Info message","timestamp":"5:21:55 PM"}
{"level":"warn","message":"Warning message","timestamp":"5:21:55 PM"}
{"level":"debug","message":"Debugging info","timestamp":"5:21:55 PM"}
{"level":"info","message":"Listening on port 1234","timestamp":"5:21:56 PM"}
{"level":"info","message":"Info message","timestamp":"5:23:18 PM"}
{"level":"warn","message":"Warning message","timestamp":"5:23:18 PM"}
{"level":"debug","message":"Debugging info","timestamp":"5:23:18 PM"}
{"level":"info","message":"Listening on port 1234","timestamp":"5:23:18 PM"}
{"level":"error","message":"SyntaxError: Unexpected string in JSON at position 14\n    at JSON.parse (<anonymous>)\n    at parse (/home/vibhavi/FingerPrintSystem/BackEnd/node_modules/body-parser/lib/types/json.js:89:19)\n    at /home/vibhavi/FingerPrintSystem/BackEnd/node_modules/body-parser/lib/read.js:121:18\n    at invokeCallback (/home/vibhavi/FingerPrintSystem/BackEnd/node_modules/raw-body/index.js:224:16)\n    at done (/home/vibhavi/FingerPrintSystem/BackEnd/node_modules/raw-body/index.js:213:7)\n    at IncomingMessage.onEnd (/home/vibhavi/FingerPrintSystem/BackEnd/node_modules/raw-body/index.js:273:7)\n    at emitNone (events.js:106:13)\n    at IncomingMessage.emit (events.js:208:7)\n    at endReadableNT (_stream_readable.js:1064:12)\n    at _combinedTickCallback (internal/process/next_tick.js:138:11)\n    at process._tickCallback (internal/process/next_tick.js:180:9)","timestamp":"5:49:52 PM"}
{"message":"jwt malformed","stack":"JsonWebTokenError: jwt malformed\n    at Object.module.exports [as verify] (/home/vibhavi/FingerPrintSystem/BackEnd/node_modules/jsonwebtoken/verify.js:49:17)\n    at module.exports (/home/vibhavi/FingerPrintSystem/BackEnd/api/middlewares/validateToken.js:11:20)\n    at Layer.handle [as handle_request] (/home/vibhavi/FingerPrintSystem/BackEnd/node_modules/express/lib/router/layer.js:95:5)\n    at next (/home/vibhavi/FingerPrintSystem/BackEnd/node_modules/express/lib/router/route.js:137:13)\n    at Route.dispatch (/home/vibhavi/FingerPrintSystem/BackEnd/node_modules/express/lib/router/route.js:112:3)\n    at Layer.handle [as handle_request] (/home/vibhavi/FingerPrintSystem/BackEnd/node_modules/express/lib/router/layer.js:95:5)\n    at /home/vibhavi/FingerPrintSystem/BackEnd/node_modules/express/lib/router/index.js:281:22\n    at Function.process_params (/home/vibhavi/FingerPrintSystem/BackEnd/node_modules/express/lib/router/index.js:335:12)\n    at next (/home/vibhavi/FingerPrintSystem/BackEnd/node_modules/express/lib/router/index.js:275:10)\n    at Function.handle (/home/vibhavi/FingerPrintSystem/BackEnd/node_modules/express/lib/router/index.js:174:3)\n    at router (/home/vibhavi/FingerPrintSystem/BackEnd/node_modules/express/lib/router/index.js:47:12)\n    at Layer.handle [as handle_request] (/home/vibhavi/FingerPrintSystem/BackEnd/node_modules/express/lib/router/layer.js:95:5)\n    at trim_prefix (/home/vibhavi/FingerPrintSystem/BackEnd/node_modules/express/lib/router/index.js:317:13)\n    at /home/vibhavi/FingerPrintSystem/BackEnd/node_modules/express/lib/router/index.js:284:7\n    at Function.process_params (/home/vibhavi/FingerPrintSystem/BackEnd/node_modules/express/lib/router/index.js:335:12)\n    at next (/home/vibhavi/FingerPrintSystem/BackEnd/node_modules/express/lib/router/index.js:275:10)","name":"JsonWebTokenError","level":"error","timestamp":"5:50:03 PM"}
{"level":"info","message":"Info message","timestamp":"5:59:17 PM"}
{"level":"warn","message":"Warning message","timestamp":"5:59:17 PM"}
{"level":"debug","message":"Debugging info","timestamp":"5:59:17 PM"}
{"level":"info","message":"Listening on port 1234","timestamp":"5:59:17 PM"}
{"message":"jwt malformed","stack":"JsonWebTokenError: jwt malformed\n    at Object.module.exports [as verify] (/home/vibhavi/FingerPrintSystem/BackEnd/node_modules/jsonwebtoken/verify.js:49:17)\n    at module.exports (/home/vibhavi/FingerPrintSystem/BackEnd/api/middlewares/validateToken.js:11:20)\n    at Layer.handle [as handle_request] (/home/vibhavi/FingerPrintSystem/BackEnd/node_modules/express/lib/router/layer.js:95:5)\n    at next (/home/vibhavi/FingerPrintSystem/BackEnd/node_modules/express/lib/router/route.js:137:13)\n    at Route.dispatch (/home/vibhavi/FingerPrintSystem/BackEnd/node_modules/express/lib/router/route.js:112:3)\n    at Layer.handle [as handle_request] (/home/vibhavi/FingerPrintSystem/BackEnd/node_modules/express/lib/router/layer.js:95:5)\n    at /home/vibhavi/FingerPrintSystem/BackEnd/node_modules/express/lib/router/index.js:281:22\n    at Function.process_params (/home/vibhavi/FingerPrintSystem/BackEnd/node_modules/express/lib/router/index.js:335:12)\n    at next (/home/vibhavi/FingerPrintSystem/BackEnd/node_modules/express/lib/router/index.js:275:10)\n    at Function.handle (/home/vibhavi/FingerPrintSystem/BackEnd/node_modules/express/lib/router/index.js:174:3)\n    at router (/home/vibhavi/FingerPrintSystem/BackEnd/node_modules/express/lib/router/index.js:47:12)\n    at Layer.handle [as handle_request] (/home/vibhavi/FingerPrintSystem/BackEnd/node_modules/express/lib/router/layer.js:95:5)\n    at trim_prefix (/home/vibhavi/FingerPrintSystem/BackEnd/node_modules/express/lib/router/index.js:317:13)\n    at /home/vibhavi/FingerPrintSystem/BackEnd/node_modules/express/lib/router/index.js:284:7\n    at Function.process_params (/home/vibhavi/FingerPrintSystem/BackEnd/node_modules/express/lib/router/index.js:335:12)\n    at next (/home/vibhavi/FingerPrintSystem/BackEnd/node_modules/express/lib/router/index.js:275:10)","name":"JsonWebTokenError","level":"error","timestamp":"5:59:20 PM"}
{"level":"info","message":"Info message","timestamp":"6:03:07 PM"}
{"level":"warn","message":"Warning message","timestamp":"6:03:07 PM"}
{"level":"debug","message":"Debugging info","timestamp":"6:03:07 PM"}
{"level":"info","message":"Listening on port 1234","timestamp":"6:03:07 PM"}
{"level":"info","message":"User loged in with success. Login token eyJhbGciOiJIUzI1NiIsInR5cCI6IkpXVCJ9.eyJfaWQiOiIyIiwidXBkYXRlZEF0IjoiMjAxOC0wNS0wMlQxMTo1NTo0My43NDBaIiwiY3JlYXRlZEF0IjoiMjAxOC0wNS0wMlQxMTo1NTo0My43NDBaIiwidXNlcm5hbWUiOiJrYXN1biIsInBhc3N3b3JkIjoiMjAyY2I5NjJhYzU5MDc1Yjk2NGIwNzE1MmQyMzRiNzAiLCJuYW1lIjoia2FzdW5zIiwiX192IjowLCJpYXQiOjE1MjUyNjQ0MjIsImV4cCI6MTUyNTI2NTg2Mn0.oTXBW1XOeMa2pwU8qw6f2TXN6dRd-T5WsT_JNockhLA","timestamp":"6:03:42 PM"}
{"level":"info","message":"User loged in with success. Login token eyJhbGciOiJIUzI1NiIsInR5cCI6IkpXVCJ9.eyJfaWQiOiIyIiwidXBkYXRlZEF0IjoiMjAxOC0wNS0wMlQxMTo1NTo0My43NDBaIiwiY3JlYXRlZEF0IjoiMjAxOC0wNS0wMlQxMTo1NTo0My43NDBaIiwidXNlcm5hbWUiOiJrYXN1biIsInBhc3N3b3JkIjoiMjAyY2I5NjJhYzU5MDc1Yjk2NGIwNzE1MmQyMzRiNzAiLCJuYW1lIjoia2FzdW5zIiwiX192IjowLCJpYXQiOjE1MjUyNjQ0NjYsImV4cCI6MTUyNTI2NTkwNn0.3OLeyiCWvQGwFbxZGAHYt4lD53p0xdCJseMp-QR81Q8","timestamp":"6:04:26 PM"}
{"level":"info","message":"User loged in with success. Login token eyJhbGciOiJIUzI1NiIsInR5cCI6IkpXVCJ9.eyJfaWQiOiIyIiwidXBkYXRlZEF0IjoiMjAxOC0wNS0wMlQxMTo1NTo0My43NDBaIiwiY3JlYXRlZEF0IjoiMjAxOC0wNS0wMlQxMTo1NTo0My43NDBaIiwidXNlcm5hbWUiOiJrYXN1biIsInBhc3N3b3JkIjoiMjAyY2I5NjJhYzU5MDc1Yjk2NGIwNzE1MmQyMzRiNzAiLCJuYW1lIjoia2FzdW5zIiwiX192IjowLCJpYXQiOjE1MjUyNjQ0OTQsImV4cCI6MTUyNTI2NTkzNH0.8YOyGFD3Vp-hNXZIaa4pcNc_mvaDgNULto4cLTr_jRk","timestamp":"6:04:54 PM"}
